<?xml version="1.0" encoding="UTF-8"?>
<!-- Generated by org.testng.reporters.JUnitXMLReporter -->
<testsuite hostname="Sachin-Sharma" ignored="1" name="sanity test" tests="3" failures="0" timestamp="28 Dec 2022 05:54:50 GMT" time="38.313" errors="0">
  <testcase name="verifyLoginPageTitleTest" time="0.033" classname="com.qa.trcrm.tests.LoginPageTest2"/>
  <testcase name="verifySignUpNowLinkTest" time="0.97" classname="com.qa.trcrm.tests.LoginPageTest2"/>
  <testcase name="loginTest" time="22.281" classname="com.qa.trcrm.tests.LoginPageTest2"/>
  <testcase name="login_InvalidTestCases" time="0.0" classname="com.qa.trcrm.tests.LoginPageTest2">
    <ignored/>
  </testcase> <!-- login_InvalidTestCases -->
</testsuite> <!-- sanity test -->
