<?xml version="1.0" encoding="UTF-8"?>
<!-- Generated by org.testng.reporters.JUnitXMLReporter -->
<testsuite hostname="Sachin-Sharma" ignored="0" name="Contacts Page Test" tests="3" failures="0" timestamp="02 Jan 2023 18:24:31 GMT" time="128.119" errors="0">
  <testcase name="verifyContactpageHeaderTest" time="9.25" classname="com.qa.trcrm.tests.ContactsPageTest"/>
  <testcase name="verifyAddPersonTest" time="14.527" classname="com.qa.trcrm.tests.ContactsPageTest"/>
  <testcase name="verifyAddPersonTest" time="16.315" classname="com.qa.trcrm.tests.ContactsPageTest"/>
</testsuite> <!-- Contacts Page Test -->
