<?xml version="1.0" encoding="UTF-8"?>
<!-- Generated by org.testng.reporters.JUnitXMLReporter -->
<testsuite hostname="Sachin-Sharma" ignored="0" name="Home Page Test" tests="3" failures="0" timestamp="28 Dec 2022 17:59:31 GMT" time="260.808" errors="0">
  <testcase name="verifyHomePageTitleTest" time="0.033" classname="com.qa.trcrm.tests.HomePageTest2"/>
  <testcase name="verifyLoggedInUserTest" time="0.079" classname="com.qa.trcrm.tests.HomePageTest2"/>
  <testcase name="verifyHomePageHeaderTest" time="0.045" classname="com.qa.trcrm.tests.HomePageTest2"/>
</testsuite> <!-- Home Page Test -->
