<?xml version="1.0" encoding="UTF-8"?>
<!-- Generated by org.testng.reporters.JUnitXMLReporter -->
<testsuite hostname="Sachin-Sharma" ignored="1" name="Default test" tests="3" failures="0" timestamp="28 Dec 2022 09:47:33 GMT" time="22.691" errors="0">
  <testcase name="verifyLoginPageTitleTest" time="0.026" classname="com.qa.trcrm.tests.LoginPageTest"/>
  <testcase name="verifySignUpNowLinkTest" time="0.205" classname="com.qa.trcrm.tests.LoginPageTest"/>
  <testcase name="loginTest" time="12.556" classname="com.qa.trcrm.tests.LoginPageTest"/>
  <testcase name="login_InvalidTestCases" time="0.0" classname="com.qa.trcrm.tests.LoginPageTest">
    <ignored/>
  </testcase> <!-- login_InvalidTestCases -->
</testsuite> <!-- Default test -->
