<?xml version="1.0" encoding="UTF-8"?>
<testng-results skipped="0" failed="1" ignored="1" total="7" passed="5">
  <reporter-output>
  </reporter-output>
  <suite name="trcrm app-Regression suite" duration-ms="49415" started-at="2022-12-28T17:51:46Z" finished-at="2022-12-28T17:52:35Z">
    <groups>
    </groups>
    <test name="Login Page Test" duration-ms="31229" started-at="2022-12-28T17:51:46Z" finished-at="2022-12-28T17:52:17Z">
      <class name="com.qa.trcrm.tests.LoginPageTest">
        <test-method status="PASS" signature="setUp()[pri:0, instance:com.qa.trcrm.tests.LoginPageTest@9d5509a]" name="setUp" is-config="true" duration-ms="17232" started-at="2022-12-28T17:51:46Z" finished-at="2022-12-28T17:52:03Z">
          <reporter-output>
          </reporter-output>
        </test-method> <!-- setUp -->
        <test-method status="PASS" signature="verifyLoginPageTitleTest()[pri:1, instance:com.qa.trcrm.tests.LoginPageTest@9d5509a]" name="verifyLoginPageTitleTest" duration-ms="57" started-at="2022-12-28T17:52:03Z" finished-at="2022-12-28T17:52:03Z">
          <reporter-output>
          </reporter-output>
        </test-method> <!-- verifyLoginPageTitleTest -->
        <test-method status="FAIL" signature="verifySignUpNowLinkTest()[pri:2, instance:com.qa.trcrm.tests.LoginPageTest@9d5509a]" name="verifySignUpNowLinkTest" duration-ms="129" started-at="2022-12-28T17:52:03Z" finished-at="2022-12-28T17:52:03Z">
          <exception class="java.lang.NullPointerException">
            <full-stacktrace>
              <![CDATA[java.lang.NullPointerException
at com.qa.trcrm.utils.ElementUtil.isDisplayed(ElementUtil.java:42)
at com.qa.trcrm.pages.LoginPage.signUpNowLink(LoginPage.java:36)
at com.qa.trcrm.tests.LoginPageTest.verifySignUpNowLinkTest(LoginPageTest.java:42)
at sun.reflect.NativeMethodAccessorImpl.invoke0(Native Method)
at sun.reflect.NativeMethodAccessorImpl.invoke(NativeMethodAccessorImpl.java:62)
at sun.reflect.DelegatingMethodAccessorImpl.invoke(DelegatingMethodAccessorImpl.java:43)
at java.lang.reflect.Method.invoke(Method.java:498)
at org.testng.internal.MethodInvocationHelper.invokeMethod(MethodInvocationHelper.java:124)
at org.testng.internal.Invoker.invokeMethod(Invoker.java:583)
at org.testng.internal.Invoker.invokeTestMethod(Invoker.java:719)
at org.testng.internal.Invoker.invokeTestMethods(Invoker.java:989)
at org.testng.internal.TestMethodWorker.invokeTestMethods(TestMethodWorker.java:125)
at org.testng.internal.TestMethodWorker.run(TestMethodWorker.java:109)
at org.testng.TestRunner.privateRun(TestRunner.java:648)
at org.testng.TestRunner.run(TestRunner.java:505)
at org.testng.SuiteRunner.runTest(SuiteRunner.java:455)
at org.testng.SuiteRunner.runSequentially(SuiteRunner.java:450)
at org.testng.SuiteRunner.privateRun(SuiteRunner.java:415)
at org.testng.SuiteRunner.run(SuiteRunner.java:364)
at org.testng.SuiteRunnerWorker.runSuite(SuiteRunnerWorker.java:52)
at org.testng.SuiteRunnerWorker.run(SuiteRunnerWorker.java:84)
at org.testng.TestNG.runSuitesSequentially(TestNG.java:1208)
at org.testng.TestNG.runSuitesLocally(TestNG.java:1137)
at org.testng.TestNG.runSuites(TestNG.java:1049)
at org.testng.TestNG.run(TestNG.java:1017)
at org.apache.maven.surefire.testng.TestNGExecutor.run(TestNGExecutor.java:283)
at org.apache.maven.surefire.testng.TestNGXmlTestSuite.execute(TestNGXmlTestSuite.java:75)
at org.apache.maven.surefire.testng.TestNGProvider.invoke(TestNGProvider.java:120)
at org.apache.maven.surefire.booter.ForkedBooter.invokeProviderInSameClassLoader(ForkedBooter.java:386)
at org.apache.maven.surefire.booter.ForkedBooter.runSuitesInProcess(ForkedBooter.java:323)
at org.apache.maven.surefire.booter.ForkedBooter.main(ForkedBooter.java:143)
]]>
            </full-stacktrace>
          </exception> <!-- java.lang.NullPointerException -->
          <reporter-output>
          </reporter-output>
        </test-method> <!-- verifySignUpNowLinkTest -->
        <test-method status="PASS" signature="loginTest()[pri:3, instance:com.qa.trcrm.tests.LoginPageTest@9d5509a]" name="loginTest" duration-ms="11615" started-at="2022-12-28T17:52:04Z" finished-at="2022-12-28T17:52:15Z">
          <reporter-output>
          </reporter-output>
        </test-method> <!-- loginTest -->
        <test-method status="PASS" signature="tearDown()[pri:0, instance:com.qa.trcrm.tests.LoginPageTest@9d5509a]" name="tearDown" is-config="true" duration-ms="1722" started-at="2022-12-28T17:52:15Z" finished-at="2022-12-28T17:52:17Z">
          <reporter-output>
          </reporter-output>
        </test-method> <!-- tearDown -->
      </class> <!-- com.qa.trcrm.tests.LoginPageTest -->
    </test> <!-- Login Page Test -->
    <test name="Home Page Test" duration-ms="16750" started-at="2022-12-28T17:52:18Z" finished-at="2022-12-28T17:52:35Z">
      <class name="com.qa.trcrm.tests.HomePageTest">
        <test-method status="PASS" signature="beforeTest()[pri:0, instance:com.qa.trcrm.tests.HomePageTest@2aceadd4]" name="beforeTest" is-config="true" duration-ms="15712" started-at="2022-12-28T17:52:18Z" finished-at="2022-12-28T17:52:34Z">
          <reporter-output>
          </reporter-output>
        </test-method> <!-- beforeTest -->
        <test-method status="PASS" signature="verifyHomePageTitleTest()[pri:1, instance:com.qa.trcrm.tests.HomePageTest@2aceadd4]" name="verifyHomePageTitleTest" duration-ms="17" started-at="2022-12-28T17:52:34Z" finished-at="2022-12-28T17:52:34Z">
          <reporter-output>
          </reporter-output>
        </test-method> <!-- verifyHomePageTitleTest -->
        <test-method status="PASS" signature="verifyLoggedInUserTest()[pri:2, instance:com.qa.trcrm.tests.HomePageTest@2aceadd4]" name="verifyLoggedInUserTest" duration-ms="97" started-at="2022-12-28T17:52:34Z" finished-at="2022-12-28T17:52:34Z">
          <reporter-output>
          </reporter-output>
        </test-method> <!-- verifyLoggedInUserTest -->
        <test-method status="PASS" signature="verifyHomePageHeaderTest()[pri:3, instance:com.qa.trcrm.tests.HomePageTest@2aceadd4]" name="verifyHomePageHeaderTest" duration-ms="91" started-at="2022-12-28T17:52:34Z" finished-at="2022-12-28T17:52:34Z">
          <reporter-output>
          </reporter-output>
        </test-method> <!-- verifyHomePageHeaderTest -->
        <test-method status="PASS" signature="afterTest()[pri:0, instance:com.qa.trcrm.tests.HomePageTest@2aceadd4]" name="afterTest" is-config="true" duration-ms="828" started-at="2022-12-28T17:52:34Z" finished-at="2022-12-28T17:52:35Z">
          <reporter-output>
          </reporter-output>
        </test-method> <!-- afterTest -->
      </class> <!-- com.qa.trcrm.tests.HomePageTest -->
    </test> <!-- Home Page Test -->
  </suite> <!-- trcrm app-Regression suite -->
</testng-results>
