<?xml version="1.0" encoding="UTF-8"?>
<testng-results skipped="0" failed="0" ignored="3" total="4" passed="1">
  <reporter-output>
  </reporter-output>
  <suite name="Surefire suite" duration-ms="13379" started-at="2022-12-30T17:35:27Z" finished-at="2022-12-30T17:35:41Z">
    <groups>
    </groups>
    <test name="Surefire test" duration-ms="13379" started-at="2022-12-30T17:35:27Z" finished-at="2022-12-30T17:35:41Z">
      <class name="com.qa.trcrm.tests.LoginPageTest">
        <test-method status="PASS" signature="setUp()[pri:0, instance:com.qa.trcrm.tests.LoginPageTest@2cb4c3ab]" name="setUp" is-config="true" duration-ms="12484" started-at="2022-12-30T17:35:27Z" finished-at="2022-12-30T17:35:40Z">
          <reporter-output>
          </reporter-output>
        </test-method> <!-- setUp -->
        <test-method status="PASS" signature="verifyLoginPageTitleTest()[pri:1, instance:com.qa.trcrm.tests.LoginPageTest@2cb4c3ab]" name="verifyLoginPageTitleTest" duration-ms="20" started-at="2022-12-30T17:35:40Z" finished-at="2022-12-30T17:35:40Z">
          <reporter-output>
          </reporter-output>
        </test-method> <!-- verifyLoginPageTitleTest -->
        <test-method status="PASS" signature="tearDown()[pri:0, instance:com.qa.trcrm.tests.LoginPageTest@2cb4c3ab]" name="tearDown" is-config="true" duration-ms="837" started-at="2022-12-30T17:35:40Z" finished-at="2022-12-30T17:35:41Z">
          <reporter-output>
          </reporter-output>
        </test-method> <!-- tearDown -->
      </class> <!-- com.qa.trcrm.tests.LoginPageTest -->
    </test> <!-- Surefire test -->
  </suite> <!-- Surefire suite -->
</testng-results>
