<?xml version="1.0" encoding="UTF-8"?>
<testng-results skipped="0" failed="0" ignored="3" total="4" passed="1">
  <reporter-output>
  </reporter-output>
  <suite name="Default suite" duration-ms="28402" started-at="2022-12-29T06:12:15Z" finished-at="2022-12-29T06:12:43Z">
    <groups>
    </groups>
    <test name="Default test" duration-ms="28402" started-at="2022-12-29T06:12:15Z" finished-at="2022-12-29T06:12:43Z">
      <class name="com.qa.trcrm.tests.LoginPageTest">
        <test-method status="PASS" signature="setUp()[pri:0, instance:com.qa.trcrm.tests.LoginPageTest@11dc3715]" name="setUp" is-config="true" duration-ms="16554" started-at="2022-12-29T06:12:15Z" finished-at="2022-12-29T06:12:32Z">
          <reporter-output>
          </reporter-output>
        </test-method> <!-- setUp -->
        <test-method status="PASS" signature="loginTest()[pri:3, instance:com.qa.trcrm.tests.LoginPageTest@11dc3715]" name="loginTest" duration-ms="10845" started-at="2022-12-29T06:12:32Z" finished-at="2022-12-29T06:12:42Z">
          <reporter-output>
          </reporter-output>
        </test-method> <!-- loginTest -->
        <test-method status="PASS" signature="tearDown()[pri:0, instance:com.qa.trcrm.tests.LoginPageTest@11dc3715]" name="tearDown" is-config="true" duration-ms="936" started-at="2022-12-29T06:12:42Z" finished-at="2022-12-29T06:12:43Z">
          <reporter-output>
          </reporter-output>
        </test-method> <!-- tearDown -->
      </class> <!-- com.qa.trcrm.tests.LoginPageTest -->
    </test> <!-- Default test -->
  </suite> <!-- Default suite -->
</testng-results>
